mode: set
hangryAPI/internal/server/server.go:13.14,133.2 74 0
hangryAPI/internal/service/token/token_generation.go:10.106,20.2 3 1
hangryAPI/internal/service/token/token_generation.go:22.72,24.2 1 1
hangryAPI/internal/service/token/token_generation.go:26.73,28.2 1 1
hangryAPI/internal/service/token/token_generation.go:30.71,32.2 1 1
hangryAPI/internal/service/token/token_service.go:15.56,19.2 1 1
hangryAPI/internal/service/token/token_service.go:21.59,22.24 1 1
hangryAPI/internal/service/token/token_service.go:22.24,24.3 1 1
hangryAPI/internal/service/token/token_service.go:26.2,27.21 2 1
hangryAPI/internal/service/token/token_service.go:27.21,29.3 1 1
hangryAPI/internal/service/token/token_service.go:31.2,32.20 2 1
hangryAPI/internal/service/token/token_service.go:32.20,34.3 1 1
hangryAPI/internal/service/token/token_service.go:36.2,36.14 1 1
hangryAPI/internal/service/token/token_service.go:39.97,45.2 4 1
hangryAPI/internal/service/token/token_service.go:47.75,49.9 2 0
hangryAPI/internal/service/token/token_service.go:49.9,51.3 1 0
hangryAPI/internal/service/token/token_service.go:52.2,52.20 1 0
hangryAPI/internal/service/token/token_validation.go:10.97,11.114 1 1
hangryAPI/internal/service/token/token_validation.go:11.114,13.3 1 1
hangryAPI/internal/service/token/token_validation.go:14.2,14.16 1 1
hangryAPI/internal/service/token/token_validation.go:14.16,16.3 1 1
hangryAPI/internal/service/token/token_validation.go:18.2,19.25 2 1
hangryAPI/internal/service/token/token_validation.go:19.25,21.3 1 0
hangryAPI/internal/service/token/token_validation.go:23.2,23.20 1 1
hangryAPI/internal/service/token/token_validation.go:26.95,28.2 1 1
hangryAPI/internal/service/token/token_validation.go:30.96,32.2 1 1
hangryAPI/internal/service/token/token_validation.go:34.94,36.2 1 1
